TN:
SF:api\components\auth\controller.js
FN:6,(anonymous_0)
FN:8,login
FN:52,(anonymous_2)
FNF:3
FNH:3
FNDA:1,(anonymous_0)
FNDA:1,login
FNDA:15,(anonymous_2)
DA:1,1
DA:2,1
DA:3,1
DA:4,1
DA:6,1
DA:10,1
DA:23,1
DA:24,0
DA:27,1
DA:30,1
DA:32,1
DA:33,0
DA:36,1
DA:52,15
DA:54,1
DA:63,1
DA:65,0
DA:69,1
DA:72,1
LF:19
LH:16
BRDA:23,0,0,0
BRDA:23,0,1,1
BRDA:32,1,0,0
BRDA:32,1,1,1
BRDA:63,2,0,0
BRDA:63,2,1,1
BRF:6
BRH:3
end_of_record
TN:
SF:api\components\user\controller.js
FN:5,(anonymous_0)
FN:15,(anonymous_1)
FN:34,(anonymous_2)
FN:70,(anonymous_3)
FN:79,(anonymous_4)
FN:117,(anonymous_5)
FN:147,(anonymous_6)
FNF:7
FNH:3
FNDA:1,(anonymous_0)
FNDA:1,(anonymous_1)
FNDA:0,(anonymous_2)
FNDA:1,(anonymous_3)
FNDA:0,(anonymous_4)
FNDA:0,(anonymous_5)
FNDA:0,(anonymous_6)
DA:1,1
DA:3,1
DA:7,1
DA:8,1
DA:9,1
DA:10,1
DA:11,1
DA:17,1
DA:36,0
DA:72,1
DA:81,0
DA:82,0
DA:83,0
DA:86,0
DA:96,0
DA:102,0
DA:103,0
DA:104,0
DA:107,0
DA:108,0
DA:110,0
DA:111,0
DA:113,0
DA:119,0
DA:120,0
DA:121,0
DA:122,0
DA:125,0
DA:127,0
DA:129,0
DA:134,0
DA:140,0
DA:141,0
DA:143,0
DA:149,0
DA:150,0
DA:151,0
DA:154,0
DA:155,0
DA:156,0
DA:158,0
LF:41
LH:9
BRDA:82,0,0,0
BRDA:82,0,1,0
BRDA:103,1,0,0
BRDA:103,1,1,0
BRDA:121,2,0,0
BRDA:121,2,1,0
BRDA:150,3,0,0
BRDA:150,3,1,0
BRF:8
BRH:0
end_of_record
TN:
SF:auth\index.js
FN:7,sign
FN:11,verify
FN:18,(anonymous_2)
FN:32,getToken
FN:51,decodeHeader
FNF:5
FNH:1
FNDA:1,sign
FNDA:0,verify
FNDA:0,(anonymous_2)
FNDA:0,getToken
FNDA:0,decodeHeader
DA:1,1
DA:2,1
DA:3,1
DA:5,1
DA:8,1
DA:13,0
DA:17,1
DA:20,0
DA:22,0
DA:24,0
DA:33,0
DA:35,0
DA:39,0
DA:41,0
DA:45,0
DA:47,0
DA:52,0
DA:53,0
DA:54,0
DA:56,0
DA:58,0
DA:61,1
LF:22
LH:7
BRDA:22,0,0,0
BRDA:22,0,1,0
BRDA:33,1,0,0
BRDA:33,1,1,0
BRDA:39,2,0,0
BRDA:39,2,1,0
BRDA:52,3,0,0
BRDA:52,3,1,0
BRF:8
BRH:0
end_of_record
TN:
SF:config\index.js
FNF:0
FNH:0
DA:1,1
LF:1
LH:1
BRDA:3,0,0,1
BRDA:3,0,1,1
BRDA:6,1,0,1
BRDA:6,1,1,1
BRF:4
BRH:4
end_of_record
TN:
SF:store\models\auth.js
FN:7,(anonymous_0)
FN:10,(anonymous_1)
FN:29,(anonymous_2)
FN:34,(anonymous_3)
FNF:4
FNH:2
FNDA:2,(anonymous_0)
FNDA:2,(anonymous_1)
FNDA:0,(anonymous_2)
FNDA:0,(anonymous_3)
DA:3,2
DA:6,2
DA:7,2
DA:12,2
DA:20,2
DA:30,0
DA:31,0
DA:35,0
DA:36,0
DA:37,0
DA:42,2
LF:11
LH:6
BRDA:35,0,0,0
BRDA:35,0,1,0
BRF:2
BRH:0
end_of_record
TN:
SF:store\models\cities.js
FN:5,(anonymous_0)
FN:8,(anonymous_1)
FNF:2
FNH:2
FNDA:2,(anonymous_0)
FNDA:2,(anonymous_1)
DA:4,2
DA:5,2
DA:10,2
DA:18,2
DA:26,2
LF:5
LH:5
BRF:0
BRH:0
end_of_record
TN:
SF:store\models\index.js
FN:20,(anonymous_0)
FN:23,(anonymous_1)
FN:28,(anonymous_2)
FNF:3
FNH:3
FNDA:16,(anonymous_0)
FNDA:14,(anonymous_1)
FNDA:14,(anonymous_2)
DA:3,2
DA:4,2
DA:5,2
DA:6,2
DA:7,2
DA:8,2
DA:9,2
DA:12,2
DA:13,0
DA:15,2
DA:18,2
DA:21,16
DA:24,14
DA:25,14
DA:28,2
DA:29,14
DA:30,14
DA:34,2
DA:35,2
DA:37,2
LF:20
LH:19
BRDA:12,0,0,0
BRDA:12,0,1,2
BRDA:21,1,0,16
BRDA:21,1,1,16
BRDA:21,1,2,14
BRDA:29,2,0,14
BRDA:29,2,1,0
BRF:7
BRH:5
end_of_record
TN:
SF:store\models\permission.js
FN:5,(anonymous_0)
FN:12,(anonymous_1)
FNF:2
FNH:2
FNDA:2,(anonymous_0)
FNDA:2,(anonymous_1)
DA:4,2
DA:5,2
DA:16,2
DA:23,2
LF:4
LH:4
BRF:0
BRH:0
end_of_record
TN:
SF:store\models\permissions_profiles.js
FN:5,(anonymous_0)
FN:12,(anonymous_1)
FNF:2
FNH:2
FNDA:2,(anonymous_0)
FNDA:2,(anonymous_1)
DA:4,2
DA:5,2
DA:16,2
DA:23,2
LF:4
LH:4
BRF:0
BRH:0
end_of_record
TN:
SF:store\models\profile.js
FN:5,(anonymous_0)
FN:8,(anonymous_1)
FNF:2
FNH:2
FNDA:2,(anonymous_0)
FNDA:2,(anonymous_1)
DA:4,2
DA:5,2
DA:11,2
DA:18,2
DA:25,2
LF:5
LH:5
BRF:0
BRH:0
end_of_record
TN:
SF:store\models\sedes.js
FN:5,(anonymous_0)
FN:7,(anonymous_1)
FNF:2
FNH:2
FNDA:2,(anonymous_0)
FNDA:2,(anonymous_1)
DA:4,2
DA:5,2
DA:10,2
DA:13,2
DA:19,2
DA:28,2
LF:6
LH:6
BRF:0
BRH:0
end_of_record
TN:
SF:store\models\user.js
FN:5,(anonymous_0)
FN:8,(anonymous_1)
FNF:2
FNH:2
FNDA:2,(anonymous_0)
FNDA:2,(anonymous_1)
DA:4,2
DA:5,2
DA:11,2
DA:12,2
DA:13,2
DA:18,2
DA:29,2
LF:7
LH:7
BRF:0
BRH:0
end_of_record
TN:
SF:utils\error.js
FN:1,err
FNF:1
FNH:0
FNDA:0,err
DA:2,0
DA:4,0
DA:5,0
DA:8,0
DA:11,2
LF:5
LH:1
BRDA:4,0,0,0
BRDA:4,0,1,0
BRF:2
BRH:0
end_of_record
